# JRE version: Java(TM) SE Runtime Environment (8.0_77-b03) (build 1.8.0_77-b03)
# Java VM: Java HotSpot(TM) Client VM (25.77-b03 mixed mode linux-x86 )
Heap:
 def new generation   total 4928K, used 1806K [0xa6200000, 0xa6750000, 0xaaea0000)
  eden space 4416K,  29% used [0xa6200000, 0xa6343a60, 0xa6650000)
  from space 512K, 100% used [0xa66d0000, 0xa6750000, 0xa6750000)
  to   space 512K,   0% used [0xa6650000, 0xa6650000, 0xa66d0000)
 tenured generation   total 10944K, used 5261K [0xaaea0000, 0xab950000, 0xb4800000)
   the space 10944K,  48% used [0xaaea0000, 0xab3c3630, 0xab3c3800, 0xab950000)
 Metaspace       used 7773K, capacity 8018K, committed 8088K, reserved 8496K
GC Heap History (10 events):
Event: 34,252 GC heap before
{Heap before GC invocations=8 (full 0):
 def new generation   total 4928K, used 4928K [0xa6200000, 0xa6750000, 0xaaea0000)
  eden space 4416K, 100% used [0xa6200000, 0xa6650000, 0xa6650000)
  from space 512K, 100% used [0xa6650000, 0xa66d0000, 0xa66d0000)
  to   space 512K,   0% used [0xa66d0000, 0xa66d0000, 0xa6750000)
 tenured generation   total 10944K, used 3242K [0xaaea0000, 0xab950000, 0xb4800000)
   the space 10944K,  29% used [0xaaea0000, 0xab1caa30, 0xab1cac00, 0xab950000)
 Metaspace       used 5497K, capacity 5601K, committed 5656K, reserved 6448K
Event: 34,450 GC heap after
Heap after GC invocations=9 (full 0):
 def new generation   total 4928K, used 511K [0xa6200000, 0xa6750000, 0xaaea0000)
  eden space 4416K,   0% used [0xa6200000, 0xa6200000, 0xa6650000)
  from space 512K,  99% used [0xa66d0000, 0xa674ffc8, 0xa6750000)
  to   space 512K,   0% used [0xa6650000, 0xa6650000, 0xa66d0000)
 tenured generation   total 10944K, used 3546K [0xaaea0000, 0xab950000, 0xb4800000)
   the space 10944K,  32% used [0xaaea0000, 0xab216998, 0xab216a00, 0xab950000)
 Metaspace       used 5497K, capacity 5601K, committed 5656K, reserved 6448K
}
Event: 39,521 GC heap before
{Heap before GC invocations=9 (full 0):
 def new generation   total 4928K, used 4927K [0xa6200000, 0xa6750000, 0xaaea0000)
  eden space 4416K, 100% used [0xa6200000, 0xa6650000, 0xa6650000)
  from space 512K,  99% used [0xa66d0000, 0xa674ffc8, 0xa6750000)
  to   space 512K,   0% used [0xa6650000, 0xa6650000, 0xa66d0000)
 tenured generation   total 10944K, used 3546K [0xaaea0000, 0xab950000, 0xb4800000)
   the space 10944K,  32% used [0xaaea0000, 0xab216998, 0xab216a00, 0xab950000)
 Metaspace       used 5777K, capacity 5857K, committed 5912K, reserved 6448K
Event: 39,909 GC heap after
Heap after GC invocations=10 (full 0):
 def new generation   total 4928K, used 512K [0xa6200000, 0xa6750000, 0xaaea0000)
  eden space 4416K,   0% used [0xa6200000, 0xa6200000, 0xa6650000)
  from space 512K, 100% used [0xa6650000, 0xa66d0000, 0xa66d0000)
  to   space 512K,   0% used [0xa66d0000, 0xa66d0000, 0xa6750000)
 tenured generation   total 10944K, used 3811K [0xaaea0000, 0xab950000, 0xb4800000)
   the space 10944K,  34% used [0xaaea0000, 0xab258d28, 0xab258e00, 0xab950000)
 Metaspace       used 5777K, capacity 5857K, committed 5912K, reserved 6448K
}
Event: 42,834 GC heap before
{Heap before GC invocations=10 (full 0):
 def new generation   total 4928K, used 4928K [0xa6200000, 0xa6750000, 0xaaea0000)
  eden space 4416K, 100% used [0xa6200000, 0xa6650000, 0xa6650000)
  from space 512K, 100% used [0xa6650000, 0xa66d0000, 0xa66d0000)
  to   space 512K,   0% used [0xa66d0000, 0xa66d0000, 0xa6750000)
 tenured generation   total 10944K, used 3811K [0xaaea0000, 0xab950000, 0xb4800000)
   the space 10944K,  34% used [0xaaea0000, 0xab258d28, 0xab258e00, 0xab950000)
 Metaspace       used 6211K, capacity 6307K, committed 6424K, reserved 6448K
Event: 42,903 GC heap after
Heap after GC invocations=11 (full 0):
 def new generation   total 4928K, used 511K [0xa6200000, 0xa6750000, 0xaaea0000)
  eden space 4416K,   0% used [0xa6200000, 0xa6200000, 0xa6650000)
  from space 512K,  99% used [0xa66d0000, 0xa674fff8, 0xa6750000)
  to   space 512K,   0% used [0xa6650000, 0xa6650000, 0xa66d0000)
 tenured generation   total 10944K, used 4144K [0xaaea0000, 0xab950000, 0xb4800000)
   the space 10944K,  37% used [0xaaea0000, 0xab2ac1a0, 0xab2ac200, 0xab950000)
 Metaspace       used 6211K, capacity 6307K, committed 6424K, reserved 6448K
}
Event: 49,794 GC heap before
{Heap before GC invocations=11 (full 0):
 def new generation   total 4928K, used 4927K [0xa6200000, 0xa6750000, 0xaaea0000)
  eden space 4416K, 100% used [0xa6200000, 0xa6650000, 0xa6650000)
  from space 512K,  99% used [0xa66d0000, 0xa674fff8, 0xa6750000)
  to   space 512K,   0% used [0xa6650000, 0xa6650000, 0xa66d0000)
 tenured generation   total 10944K, used 4144K [0xaaea0000, 0xab950000, 0xb4800000)
   the space 10944K,  37% used [0xaaea0000, 0xab2ac1a0, 0xab2ac200, 0xab950000)
 Metaspace       used 7048K, capacity 7280K, committed 7320K, reserved 7472K
Event: 50,595 GC heap after
Heap after GC invocations=12 (full 0):
 def new generation   total 4928K, used 512K [0xa6200000, 0xa6750000, 0xaaea0000)
  eden space 4416K,   0% used [0xa6200000, 0xa6200000, 0xa6650000)
  from space 512K, 100% used [0xa6650000, 0xa66d0000, 0xa66d0000)
  to   space 512K,   0% used [0xa66d0000, 0xa66d0000, 0xa6750000)
 tenured generation   total 10944K, used 4634K [0xaaea0000, 0xab950000, 0xb4800000)
   the space 10944K,  42% used [0xaaea0000, 0xab3269b8, 0xab326a00, 0xab950000)
 Metaspace       used 7048K, capacity 7280K, committed 7320K, reserved 7472K
}
Event: 66,173 GC heap before
{Heap before GC invocations=12 (full 0):
 def new generation   total 4928K, used 4928K [0xa6200000, 0xa6750000, 0xaaea0000)
  eden space 4416K, 100% used [0xa6200000, 0xa6650000, 0xa6650000)
  from space 512K, 100% used [0xa6650000, 0xa66d0000, 0xa66d0000)
  to   space 512K,   0% used [0xa66d0000, 0xa66d0000, 0xa6750000)
 tenured generation   total 10944K, used 4634K [0xaaea0000, 0xab950000, 0xb4800000)
   the space 10944K,  42% used [0xaaea0000, 0xab3269b8, 0xab326a00, 0xab950000)
 Metaspace       used 7530K, capacity 7762K, committed 7832K, reserved 8496K
Event: 66,577 GC heap after
Heap after GC invocations=13 (full 0):
 def new generation   total 4928K, used 512K [0xa6200000, 0xa6750000, 0xaaea0000)
  eden space 4416K,   0% used [0xa6200000, 0xa6200000, 0xa6650000)
  from space 512K, 100% used [0xa66d0000, 0xa6750000, 0xa6750000)
  to   space 512K,   0% used [0xa6650000, 0xa6650000, 0xa66d0000)
 tenured generation   total 10944K, used 5261K [0xaaea0000, 0xab950000, 0xb4800000)
   the space 10944K,  48% used [0xaaea0000, 0xab3c3630, 0xab3c3800, 0xab950000)
 Metaspace       used 7530K, capacity 7762K, committed 7832K, reserved 8496K
}

